<?xml version="1.0" encoding="UTF-8"?>
<!-- Generated by org.testng.reporters.JUnitXMLReporter -->
<testsuite hostname="HARSHITH-PC" ignored="0" name="Test" tests="6" failures="3" timestamp="2021-07-22T13:55:38 IST" time="121.393" errors="0">
  <testcase name="insuranceCalculate" time="18.641" classname="insuaranceCalc_Motorcycle.EndToEndTests_motorcycle"/>
  <testcase name="insuranceCalculate" time="16.915" classname="insuaranceCalc_Motorcycle.EndToEndTests_motorcycle">
    <failure type="java.lang.AssertionError" message="Pricing for platimum plan is not matching. expected [1,367.00] but found [1,515.00]">
      <![CDATA[java.lang.AssertionError: Pricing for platimum plan is not matching. expected [1,367.00] but found [1,515.00]
at insuaranceCalc_Motorcycle.EndToEndTests_motorcycle.insuranceCalculate(EndToEndTests_motorcycle.java:35)
at java.util.ArrayList.forEach(ArrayList.java:1257)
... Removed 32 stack frames]]>
    </failure>
  </testcase> <!-- insuranceCalculate -->
  <testcase name="insuranceCalculate" time="4.81" classname="insuaranceCalc_Motorcycle.EndToEndTests_motorcycle">
    <failure type="java.lang.NullPointerException">
      <![CDATA[java.lang.NullPointerException
at pageObjects.EnterVehicleDataPageObject.enterVehicleData(EnterVehicleDataPageObject.java:68)
at insuaranceCalc_Motorcycle.EndToEndTests_motorcycle.insuranceCalculate(EndToEndTests_motorcycle.java:25)
at java.util.ArrayList.forEach(ArrayList.java:1257)
... Removed 27 stack frames]]>
    </failure>
  </testcase> <!-- insuranceCalculate -->
  <testcase name="errorMesssage_cylinderField" time="2.485" classname="insuaranceCalc_Motorcycle.ErrorTests_motorcycle"/>
  <testcase name="errorMesssage_cylinderField1" time="2.139" classname="insuaranceCalc_Motorcycle.ErrorTests_motorcycle">
    <failure type="java.lang.AssertionError" message="Error Message is not as expected on cyclinder capacity field expected [Must be a number between 1 and 3000] but found [Must be a number between 1 and 2000]">
      <![CDATA[java.lang.AssertionError: Error Message is not as expected on cyclinder capacity field expected [Must be a number between 1 and 3000] but found [Must be a number between 1 and 2000]
at insuaranceCalc_Motorcycle.ErrorTests_motorcycle.errorMesssage_cylinderField1(ErrorTests_motorcycle.java:33)
at java.util.ArrayList.forEach(ArrayList.java:1257)
... Removed 32 stack frames]]>
    </failure>
  </testcase> <!-- errorMesssage_cylinderField1 -->
  <testcase name="verifyModelDropdownOptions" time="2.38" classname="insuaranceCalc_Motorcycle.ErrorTests_motorcycle"/>
</testsuite> <!-- Test -->
